     1                                  [org 0x0100]
     2                                  
     3 00000000 E90A00                  jmp start
     4                                  
     5 00000003 31D40000                multiplicand:   dw 0xD431, 0x0    ; 54321  =   0b 1101010000110001
     6 00000007 3930                    multiplier:     dw 0x3039    ; 12345   =   0b 0011000000111001
     7 00000009 00000000                result:         dw 0, 0       ; should be 10,000 = 0x2710 
     8                                  
     9                                  start:
    10                                  
    11 0000000D B110                    mov  cl, 16
    12 0000000F 8A16[0700]              mov  dl, [multiplier]
    13                                  
    14                                  
    15                                  checkbit: 
    16 00000013 D02E[0800]                  shr byte [multiplier + 1], 1
    17 00000017 D0DA                        rcr  dl, 1
    18 00000019 731C                        jnc  skip
    19                                  
    20 0000001B A0[0300]                        mov  al, [multiplicand]      ; extended addition 
    21 0000001E 0006[0900]                      add  byte [result], al
    22 00000022 A0[0400]                        mov  al, [multiplicand + 1]
    23 00000025 1006[0A00]                      adc  byte [result + 1], al 
    24 00000029 A0[0500]                        mov  al, [multiplicand + 2]
    25 0000002C 1006[0B00]                      adc  byte [result + 2], al 
    26 00000030 A0[0600]                        mov  al, [multiplicand + 3]
    27 00000033 1006[0C00]                      adc  byte [result + 3], al 
    28                                  
    29                                      skip:
    30 00000037 D026[0300]                  shl  byte [multiplicand], 1      ; extended shift
    31 0000003B D016[0400]                  rcl  byte [multiplicand + 1], 1
    32 0000003F D016[0500]                  rcl  byte [multiplicand + 2], 1
    33 00000043 D016[0600]                  rcl  byte [multiplicand + 3], 1
    34                                      
    35                                      
    36 00000047 FEC9                        dec  cl
    37 00000049 75C8                        jnz  checkbit
    38                                  
    39                                  
    40                                  
    41                                  
    42                                  ; exit syscall 
    43 0000004B B8004C                  mov  ax, 0x4c00
    44 0000004E CD21                    int  0x21
