     1                                  ; VU COAL CH # 3 Q: 6
     2                                  
     3                                  [org 0x0100]
     4                                  
     5 00000000 E90400                  jmp begin
     6                                  
     7 00000003 0700                    data: dw 7
     8 00000005 0100                    fact_result: dw 1
     9                                  
    10                                  begin:
    11 00000007 8B0E[0300]                  mov cx, [data]  
    12                                  
    13 0000000B 890E[0500]                  mov [fact_result], cx 
    14 0000000F 81F90100                    cmp cx, 1
    15 00000013 7628                        jbe end
    16                                  
    17                                      fact:
    18 00000015 81E90100                        sub cx, 1
    19 00000019 81F90100                        cmp cx, 1
    20 0000001D 7E1E                            jle end
    21                                  
    22 0000001F 89CA                            mov dx, cx
    23 00000021 BB0100                          mov bx, 1
    24 00000024 A1[0500]                        mov ax, [fact_result]
    25 00000027 C706[0500]0000                  mov word [fact_result], 0
    26                                  
    27                                              checkbit:
    28 0000002D 85DA                                    test dx, bx                        ; ax is multiplicand and cx is multiplier 
    29 0000002F 7404                                    jz skip
    30                                                  
    31 00000031 0106[0500]                                  add [fact_result], ax
    32                                              
    33                                  
    34                                                  skip: 
    35 00000035 D1E0                                        shl ax, 1  
    36 00000037 D1E3                                        shl bx, 1                     
    37 00000039 75F2                                        jnz checkbit
    38 0000003B 74D8                                        jz fact  
    39                                  
    40                                  
    41                                  
    42                                      end:
    43 0000003D B8004C                          mov ax, 0x4c00 
    44 00000040 CD21                            int 0x21
