     1                                  ; VU COAL CH # 6 Q: 2
     2                                  
     3                                  [org 0x0100]
     4                                  
     5 00000000 E99300                      jmp start
     6                                  
     7 00000003 2A00                        character: dw '*'
     8                                  
     9                                      clrscr:
    10 00000005 50                              push ax
    11 00000006 51                              push cx
    12 00000007 57                              push di
    13 00000008 06                              push es
    14                                  
    15 00000009 B800B8                          mov ax, 0xb800
    16 0000000C 8EC0                            mov es, ax
    17 0000000E 31FF                            xor di, di
    18 00000010 B82007                          mov ax, 0x0720
    19 00000013 B9D007                          mov cx, 2000
    20                                  
    21 00000016 FC                              cld 
    22 00000017 F3AB                            rep stosw
    23                                  
    24 00000019 07                              pop es
    25 0000001A 5F                              pop di
    26 0000001B 59                              pop cx
    27 0000001C 58                              pop ax
    28 0000001D C3                              ret
    29                                  
    30                                      clash:
    31 0000001E 55                              push bp
    32 0000001F 89E5                            mov bp, sp
    33 00000021 60                              pusha
    34                                  
    35 00000022 B800B8                          mov ax, 0xb800
    36 00000025 8EC0                            mov es, ax
    37                                  
    38 00000027 BB0C00                          mov bx, 12
    39                                  
    40                                          ; Calculating the starting position
    41 0000002A B050                            mov al, 80
    42 0000002C F6E3                            mul bl
    43 0000002E D1E0                            shl ax, 1
    44                                  
    45 00000030 89C6                            mov si, ax
    46 00000032 89F7                            mov di, si
    47                                          
    48 00000034 81C79E00                        add di, 158
    49                                  
    50 00000038 B92600                          mov cx, 38
    51                                  
    52                                          ; Loading the characters
    53 0000003B B407                            mov ah, 0x07
    54 0000003D 8A4604                          mov al, [bp + 4]
    55                                  
    56                                      printing1:
    57 00000040 268904                          mov [es:si], ax
    58 00000043 268905                          mov [es:di], ax
    59                                  
    60 00000046 E83F00                          call _delay
    61 00000049 E83C00                          call _delay
    62                                  
    63 0000004C 26C7042007                      mov word [es:si], 0x0720
    64 00000051 26C7052007                      mov word [es:di], 0x0720
    65                                  
    66 00000056 81C60200                        add si, 2
    67 0000005A 81EF0200                        sub di, 2
    68                                  
    69 0000005E E2E0                            loop printing1
    70                                  
    71 00000060 B92600                          mov cx, 38
    72                                  
    73                                      printing2:
    74 00000063 268904                          mov [es:si], ax
    75 00000066 268905                          mov [es:di], ax
    76                                  
    77 00000069 E81C00                          call _delay
    78 0000006C E81900                          call _delay
    79                                  
    80 0000006F 26C7042007                      mov word  [es:si], 0x0720
    81 00000074 26C7052007                      mov word [es:di], 0x0720
    82                                  
    83 00000079 81EE0200                        sub si, 2
    84 0000007D 81C70200                        add di, 2
    85                                  
    86 00000081 E2E0                            loop printing2
    87                                  
    88 00000083 B92600                          mov cx, 38
    89                                  
    90 00000086 EBB8                            jmp printing1
    91                                  
    92                                      _delay:
    93 00000088 52                              push dx
    94                                  
    95 00000089 BAFFFF                          mov dx, 0xFFFF
    96                                  
    97                                      l1:
    98 0000008C 4A                              dec dx
    99 0000008D 75FD                            jnz l1
   100                                  
   101 0000008F 5A                              pop dx
   102 00000090 C3                              ret
   103                                  
   104                                      return:
   105 00000091 61                              popa
   106 00000092 5D                              pop bp
   107 00000093 C20200                          ret 2
   108                                  
   109                                      start:
   110 00000096 E86CFF                          call clrscr
   111                                  
   112 00000099 FF36[0300]                      push word [character]
   113 0000009D E87EFF                          call clash
   114                                  
   115 000000A0 B8004C                          mov ax, 0x4c00
   116 000000A3 CD21                            int 21h
