     1                                  ; VU COAL CH # 3 Q: 5
     2                                  
     3                                  [org 0x0100]
     4                                  
     5 00000000 E90D00                  jmp begin
     6                                  
     7 00000003 D8DD000A191E2D3237-     data: db -40, -35, 0, 10, 25, 30, 45, 50, 55, 60 
     8 0000000C 3C                 
     9 0000000D 00                      start: db 0
    10 0000000E 0A                      end: db 10
    11 0000000F 01                      key: db 1
    12                                  
    13                                  begin:
    14                                  
    15 00000010 A0[0F00]                    mov al, [key]
    16 00000013 B700                        mov bh, 0
    17                                  
    18                                      search:
    19 00000015 8A0E[0D00]                      mov cl, [start]
    20 00000019 3A0E[0E00]                      cmp cl, [end]
    21 0000001D 772E                            ja not_found
    22                                  
    23 0000001F 8A1E[0D00]                      mov bl, [start]
    24 00000023 021E[0E00]                      add bl, [end]
    25 00000027 D0FB                            sar bl, 1
    26                                  
    27 00000029 3887[0300]                      cmp [data + bx], al
    28 0000002D 7416                            je found
    29 0000002F 7C02                            jl less
    30 00000031 7F09                            jg greater
    31                                  
    32                                      less:
    33 00000033 80C301                          add bl, 1
    34 00000036 881E[0D00]                      mov [start], bl
    35 0000003A EBD9                            jmp search
    36                                  
    37                                      greater:
    38 0000003C 80EB01                          sub bl, 1
    39 0000003F 881E[0E00]                      mov [end], bl
    40 00000043 EBD0                            jmp search
    41                                  
    42                                      found:
    43 00000045 B80100                          mov ax, 1
    44 00000048 B8004C                          mov ax, 0x4c00
    45 0000004B CD21                            int 0x21 
    46                                  
    47                                      not_found:
    48 0000004D B80000                          mov ax, 0
    49 00000050 B8004C                          mov ax, 0x4c00
    50 00000053 CD21                            int 0x21
    51                                  
    52                                      
