     1                                  ; ; 16bit multiplication
     2                                  [org 0x0100]
     3                                  
     4 00000000 E90A00                      jmp start
     5                                  
     6 00000003 14050000                    multiplicand: dd 1300
     7 00000007 F401                        multiplier: dw 500
     8 00000009 00000000                    result: dd 0
     9                                  
    10                                      start:
    11 0000000D B110                            mov cl, 16
    12 0000000F 8B16[0700]                      mov dx, [multiplier]
    13                                  
    14                                          checkbit:
    15 00000013 D1EA                                shr dx, 1
    16 00000015 730E                                jnc skip 
    17                                  
    18 00000017 A1[0300]                                mov ax, [multiplicand]
    19 0000001A 0106[0900]                              add [result], ax
    20 0000001E A1[0500]                                mov ax, [multiplicand + 2]
    21 00000021 1106[0B00]                              adc [result + 2], ax
    22                                  
    23                                              skip:
    24 00000025 D126[0300]                              shl word [multiplicand], 1
    25 00000029 D116[0500]                              rcl word [multiplicand + 2], 1
    26 0000002D FEC9                                    dec cl
    27 0000002F 75E2                                    jnz checkbit
    28                                  
    29 00000031 B8004C                          mov ax, 0x4c00
    30 00000034 CD21                            int 0x21
    31                                  
    32                                          
